################################################################################################
################################################################################################
################################################################################################
################################################################################################
################################################################################################
################################################################################################
################################################################################################
################################################################################################
################################################################################################
################################################################################################
################################################################################################
################################################################################################
################################################################################################
################################################################################################
################################################################################################
From github.com:faisalmalik47/portfolio
   8518cbb..c8c4351  main       -> origin/main
From github.com:faisalmalik47/portfolio
 * branch            main       -> FETCH_HEAD
Updating 8518cbb..c8c4351
Fast-forward
 src/portfolio.js | 2 --
 1 file changed, 2 deletions(-)
Starting deployment script...
Running as user: root
Node version: v16.20.2
Yarn version: 1.22.19
Pulling latest changes from Git...
From github.com:faisalmalik47/portfolio
 * branch            main       -> FETCH_HEAD
Already up to date.
Installing dependencies...
yarn install v1.22.19
warning package-lock.json found. Your project contains lock files generated by tools other than Yarn. It is advised not to mix package managers in order to avoid resolution inconsistencies caused by unsynchronized lock files. To clear this warning, remove package-lock.json.
[1/4] Resolving packages...
success Already up-to-date.
Done in 1.20s.
Building the project...
yarn run v1.22.19
$ node fetch.js && react-scripts build
Creating an optimized production build...
Compiled successfully.

File sizes after gzip:

  269.55 kB  build/static/js/main.99f6936b.js
  5.66 kB    build/static/css/main.2840bb90.css
  1.1 kB     build/static/js/64.56dc6704.chunk.js
  861 B      build/static/js/769.bda0d7b7.chunk.js
  556 B      build/static/css/64.bba8fa55.chunk.css
  498 B      build/static/css/769.b3cbb36b.chunk.css

The project was built assuming it is hosted at /.
You can control this with the homepage field in your package.json.

The build folder is ready to be deployed.
You may serve it with a static server:

  yarn global add serve
  serve -s build

Find out more about deployment here:

  https://cra.link/deployment

Done in 40.95s.
Build succeeded.
Cleaning the deployment directory...
Copying build artifacts to the deployment directory...
Deployment script finished.
################################################################################################
################################################################################################
################################################################################################
################################################################################################
################################################################################################
################################################################################################
From github.com:faisalmalik47/portfolio
   c8c4351..d6ad1f7  main       -> origin/main
From github.com:faisalmalik47/portfolio
 * branch            main       -> FETCH_HEAD
Updating c8c4351..d6ad1f7
Fast-forward
 .gitignore | 2 +-
 1 file changed, 1 insertion(+), 1 deletion(-)
Starting deployment script...
Running as user: root
Node version: v16.20.2
Yarn version: 1.22.19
Pulling latest changes from Git...
From github.com:faisalmalik47/portfolio
 * branch            main       -> FETCH_HEAD
Already up to date.
Installing dependencies...
yarn install v1.22.19
warning package-lock.json found. Your project contains lock files generated by tools other than Yarn. It is advised not to mix package managers in order to avoid resolution inconsistencies caused by unsynchronized lock files. To clear this warning, remove package-lock.json.
[1/4] Resolving packages...
success Already up-to-date.
Done in 1.21s.
Building the project...
yarn run v1.22.19
$ node fetch.js && react-scripts build
Creating an optimized production build...
Compiled successfully.

File sizes after gzip:

  269.55 kB  build/static/js/main.99f6936b.js
  5.66 kB    build/static/css/main.2840bb90.css
  1.1 kB     build/static/js/64.56dc6704.chunk.js
  861 B      build/static/js/769.bda0d7b7.chunk.js
  556 B      build/static/css/64.bba8fa55.chunk.css
  498 B      build/static/css/769.b3cbb36b.chunk.css

The project was built assuming it is hosted at /.
You can control this with the homepage field in your package.json.

The build folder is ready to be deployed.
You may serve it with a static server:

  yarn global add serve
  serve -s build

Find out more about deployment here:

  https://cra.link/deployment

Done in 40.14s.
Build succeeded.
Cleaning the deployment directory...
Copying build artifacts to the deployment directory...
Deployment script finished.
################################################################################################
################################################################################################
################################################################################################
Mon Nov 13 19:39:28 IST 2023
################################################################################################
################################################################################################
################################################################################################
################################################################################################
################################################################################################
################################################################################################
Mon Nov 13 19:40:01 IST 2023
################################################################################################
################################################################################################
################################################################################################
################################################################################################
################################################################################################
################################################################################################
Mon Nov 13 19:40:15 IST 2023
################################################################################################
################################################################################################
################################################################################################






################################################################################################
################################################################################################
################################################################################################



Started at Mon Nov 13 19:42:15 IST 2023
################################################################################################
################################################################################################
################################################################################################






################################################################################################
################################################################################################
################################################################################################


Finished at Mon Nov 13 19:42:17 IST 2023
Started at Mon Nov 13 19:43:20 IST 2023
################################################################################################
################################################################################################
################################################################################################



From github.com:faisalmalik47/portfolio
   d6ad1f7..db613a3  main       -> origin/main
From github.com:faisalmalik47/portfolio
 * branch            main       -> FETCH_HEAD
Updating d6ad1f7..db613a3
Fast-forward
 src/portfolio.js | 2 +-
 1 file changed, 1 insertion(+), 1 deletion(-)
Starting deployment script...
Running as user: root
Node version: v16.20.2
Yarn version: 1.22.19
Pulling latest changes from Git...
From github.com:faisalmalik47/portfolio
 * branch            main       -> FETCH_HEAD
Already up to date.
Installing dependencies...
yarn install v1.22.19
warning package-lock.json found. Your project contains lock files generated by tools other than Yarn. It is advised not to mix package managers in order to avoid resolution inconsistencies caused by unsynchronized lock files. To clear this warning, remove package-lock.json.
[1/4] Resolving packages...
success Already up-to-date.
Done in 1.15s.
Building the project...
yarn run v1.22.19
$ node fetch.js && react-scripts build
Creating an optimized production build...
Compiled successfully.

File sizes after gzip:

  269.55 kB (+3 B)  build/static/js/main.4c1027a1.js
  5.66 kB           build/static/css/main.2840bb90.css
  1.1 kB            build/static/js/64.56dc6704.chunk.js
  861 B             build/static/js/769.bda0d7b7.chunk.js
  556 B             build/static/css/64.bba8fa55.chunk.css
  498 B             build/static/css/769.b3cbb36b.chunk.css

The project was built assuming it is hosted at /.
You can control this with the homepage field in your package.json.

The build folder is ready to be deployed.
You may serve it with a static server:

  yarn global add serve
  serve -s build

Find out more about deployment here:

  https://cra.link/deployment

Done in 39.69s.
Build succeeded.
Cleaning the deployment directory...
Copying build artifacts to the deployment directory...
Deployment script finished.



################################################################################################
################################################################################################
################################################################################################


Finished at Mon Nov 13 19:44:09 IST 2023
Started at Mon Nov 13 19:50:01 IST 2023
################################################################################################
################################################################################################
################################################################################################



From github.com:faisalmalik47/portfolio
   b2a44e6..5864fab  main       -> origin/main
From github.com:faisalmalik47/portfolio
 * branch            main       -> FETCH_HEAD
Updating b2a44e6..5864fab
Fast-forward
 deployer_cron.sh | 19 +++----------------
 src/portfolio.js |  2 +-
 2 files changed, 4 insertions(+), 17 deletions(-)
Started at Mon Nov 13 19:50:05 IST 2023
################################################################################################
################################################################################################
################################################################################################



Starting deployment script...
Running as user: root
Node version: v10.19.0
Yarn version: 1.22.19
Pulling latest changes from Git...
From github.com:faisalmalik47/portfolio
 * branch            main       -> FETCH_HEAD
Already up to date.
Installing dependencies...
yarn install v1.22.19
warning package-lock.json found. Your project contains lock files generated by tools other than Yarn. It is advised not to mix package managers in order to avoid resolution inconsistencies caused by unsynchronized lock files. To clear this warning, remove package-lock.json.
[1/4] Resolving packages...
[2/4] Fetching packages...
error react-scripts@5.0.1: The engine "node" is incompatible with this module. Expected version ">=14.0.0". Got "10.19.0"
error Found incompatible module.
info Visit https://yarnpkg.com/en/docs/cli/install for documentation about this command.
Building the project...
yarn run v1.22.19
$ node fetch.js && react-scripts build
/var/www/portfolio/node_modules/eslint-webpack-plugin/node_modules/jest-worker/build/index.js:110
  _ending;
         ^

SyntaxError: Unexpected token ;
    at Module._compile (internal/modules/cjs/loader.js:723:23)
    at Object.Module._extensions..js (internal/modules/cjs/loader.js:789:10)
    at Module.load (internal/modules/cjs/loader.js:653:32)
    at tryModuleLoad (internal/modules/cjs/loader.js:593:12)
    at Function.Module._load (internal/modules/cjs/loader.js:585:3)
    at Module.require (internal/modules/cjs/loader.js:692:17)
    at require (internal/modules/cjs/helpers.js:25:18)
    at Object.<anonymous> (/var/www/portfolio/node_modules/eslint-webpack-plugin/dist/getESLint.js:9:5)
    at Module._compile (internal/modules/cjs/loader.js:778:30)
    at Object.Module._extensions..js (internal/modules/cjs/loader.js:789:10)
error Command failed with exit code 1.
info Visit https://yarnpkg.com/en/docs/cli/run for documentation about this command.
Build failed. Exiting...



################################################################################################
################################################################################################
################################################################################################


Finished at Mon Nov 13 19:50:20 IST 2023



################################################################################################
################################################################################################
/var/www/portfolio/deployer_cron.sh: line 47: unexpected EOF while looking for matching `"'
/var/www/portfolio/deployer_cron.sh: line 48: syntax error: unexpected end of file
Started at Mon Nov 13 20:00:01 IST 2023
################################################################################################
################################################################################################
################################################################################################



From github.com:faisalmalik47/portfolio
   5864fab..ec952d4  main       -> origin/main
From github.com:faisalmalik47/portfolio
 * branch            main       -> FETCH_HEAD
Updating 5864fab..ec952d4
Fast-forward
 src/portfolio.js | 2 +-
 1 file changed, 1 insertion(+), 1 deletion(-)
Starting deployment script...
Running as user: root
Node version: v10.19.0
Yarn version: 1.22.19
Pulling latest changes from Git...
From github.com:faisalmalik47/portfolio
 * branch            main       -> FETCH_HEAD
Already up to date.
Installing dependencies...
yarn install v1.22.19
warning package-lock.json found. Your project contains lock files generated by tools other than Yarn. It is advised not to mix package managers in order to avoid resolution inconsistencies caused by unsynchronized lock files. To clear this warning, remove package-lock.json.
[1/4] Resolving packages...
[2/4] Fetching packages...
error react-scripts@5.0.1: The engine "node" is incompatible with this module. Expected version ">=14.0.0". Got "10.19.0"
error Found incompatible module.
info Visit https://yarnpkg.com/en/docs/cli/install for documentation about this command.
Building the project...
yarn run v1.22.19
$ node fetch.js && react-scripts build
/var/www/portfolio/node_modules/eslint-webpack-plugin/node_modules/jest-worker/build/index.js:110
  _ending;
         ^

SyntaxError: Unexpected token ;
    at Module._compile (internal/modules/cjs/loader.js:723:23)
    at Object.Module._extensions..js (internal/modules/cjs/loader.js:789:10)
    at Module.load (internal/modules/cjs/loader.js:653:32)
    at tryModuleLoad (internal/modules/cjs/loader.js:593:12)
    at Function.Module._load (internal/modules/cjs/loader.js:585:3)
    at Module.require (internal/modules/cjs/loader.js:692:17)
    at require (internal/modules/cjs/helpers.js:25:18)
    at Object.<anonymous> (/var/www/portfolio/node_modules/eslint-webpack-plugin/dist/getESLint.js:9:5)
    at Module._compile (internal/modules/cjs/loader.js:778:30)
    at Object.Module._extensions..js (internal/modules/cjs/loader.js:789:10)
error Command failed with exit code 1.
info Visit https://yarnpkg.com/en/docs/cli/run for documentation about this command.
Build failed. Exiting...



################################################################################################
################################################################################################
################################################################################################


Finished at Mon Nov 13 20:00:19 IST 2023
Started at Mon Nov 13 20:10:01 IST 2023
################################################################################################
################################################################################################
################################################################################################






################################################################################################
################################################################################################
################################################################################################


Finished at Mon Nov 13 20:10:03 IST 2023
Started at Mon Nov 13 20:20:01 IST 2023
################################################################################################
################################################################################################
################################################################################################



From github.com:faisalmalik47/portfolio
   ec952d4..5f9507e  main       -> origin/main
From github.com:faisalmalik47/portfolio
 * branch            main       -> FETCH_HEAD
Updating ec952d4..5f9507e
Fast-forward
 src/portfolio.js | 2 +-
 1 file changed, 1 insertion(+), 1 deletion(-)
Starting deployment script...
Running as user: root
Node version: v10.19.0
Yarn version: 1.22.19
Pulling latest changes from Git...
From github.com:faisalmalik47/portfolio
 * branch            main       -> FETCH_HEAD
Already up to date.
Installing dependencies...
yarn install v1.22.19
warning package-lock.json found. Your project contains lock files generated by tools other than Yarn. It is advised not to mix package managers in order to avoid resolution inconsistencies caused by unsynchronized lock files. To clear this warning, remove package-lock.json.
[1/4] Resolving packages...
[2/4] Fetching packages...
error react-scripts@5.0.1: The engine "node" is incompatible with this module. Expected version ">=14.0.0". Got "10.19.0"
error Found incompatible module.
info Visit https://yarnpkg.com/en/docs/cli/install for documentation about this command.
Building the project...
yarn run v1.22.19
$ node fetch.js && react-scripts build
/var/www/portfolio/node_modules/eslint-webpack-plugin/node_modules/jest-worker/build/index.js:110
  _ending;
         ^

SyntaxError: Unexpected token ;
    at Module._compile (internal/modules/cjs/loader.js:723:23)
    at Object.Module._extensions..js (internal/modules/cjs/loader.js:789:10)
    at Module.load (internal/modules/cjs/loader.js:653:32)
    at tryModuleLoad (internal/modules/cjs/loader.js:593:12)
    at Function.Module._load (internal/modules/cjs/loader.js:585:3)
    at Module.require (internal/modules/cjs/loader.js:692:17)
    at require (internal/modules/cjs/helpers.js:25:18)
    at Object.<anonymous> (/var/www/portfolio/node_modules/eslint-webpack-plugin/dist/getESLint.js:9:5)
    at Module._compile (internal/modules/cjs/loader.js:778:30)
    at Object.Module._extensions..js (internal/modules/cjs/loader.js:789:10)
error Command failed with exit code 1.
info Visit https://yarnpkg.com/en/docs/cli/run for documentation about this command.
Build failed. Exiting...



################################################################################################
################################################################################################
################################################################################################


Finished at Mon Nov 13 20:20:18 IST 2023
Started at Mon Nov 13 20:30:01 IST 2023
################################################################################################
################################################################################################
################################################################################################






################################################################################################
################################################################################################
################################################################################################


Finished at Mon Nov 13 20:30:03 IST 2023
Started at Mon Nov 13 20:40:01 IST 2023
################################################################################################
################################################################################################
################################################################################################



From github.com:faisalmalik47/portfolio
   2a0fd85..8998a31  main       -> origin/main
From github.com:faisalmalik47/portfolio
 * branch            main       -> FETCH_HEAD
Updating 2a0fd85..8998a31
Fast-forward
 src/portfolio.js | 2 +-
 1 file changed, 1 insertion(+), 1 deletion(-)
Starting deployment script...
Running as user: root
Node version: v10.19.0
Yarn version: 1.22.19
Pulling latest changes from Git...
From github.com:faisalmalik47/portfolio
 * branch            main       -> FETCH_HEAD
Already up to date.
Installing dependencies...
yarn install v1.22.19
warning package-lock.json found. Your project contains lock files generated by tools other than Yarn. It is advised not to mix package managers in order to avoid resolution inconsistencies caused by unsynchronized lock files. To clear this warning, remove package-lock.json.
[1/4] Resolving packages...
[2/4] Fetching packages...
error react-scripts@5.0.1: The engine "node" is incompatible with this module. Expected version ">=14.0.0". Got "10.19.0"
error Found incompatible module.
info Visit https://yarnpkg.com/en/docs/cli/install for documentation about this command.
Building the project...
yarn run v1.22.19
$ node fetch.js && react-scripts build
/var/www/portfolio/node_modules/eslint-webpack-plugin/node_modules/jest-worker/build/index.js:110
  _ending;
         ^

SyntaxError: Unexpected token ;
    at Module._compile (internal/modules/cjs/loader.js:723:23)
    at Object.Module._extensions..js (internal/modules/cjs/loader.js:789:10)
    at Module.load (internal/modules/cjs/loader.js:653:32)
    at tryModuleLoad (internal/modules/cjs/loader.js:593:12)
    at Function.Module._load (internal/modules/cjs/loader.js:585:3)
    at Module.require (internal/modules/cjs/loader.js:692:17)
    at require (internal/modules/cjs/helpers.js:25:18)
    at Object.<anonymous> (/var/www/portfolio/node_modules/eslint-webpack-plugin/dist/getESLint.js:9:5)
    at Module._compile (internal/modules/cjs/loader.js:778:30)
    at Object.Module._extensions..js (internal/modules/cjs/loader.js:789:10)
error Command failed with exit code 1.
info Visit https://yarnpkg.com/en/docs/cli/run for documentation about this command.
Build failed. Exiting...



################################################################################################
################################################################################################
################################################################################################


Finished at Mon Nov 13 20:40:20 IST 2023
Started at Mon Nov 13 20:50:01 IST 2023
################################################################################################
################################################################################################
################################################################################################



From github.com:faisalmalik47/portfolio
   8998a31..f665d89  main       -> origin/main
From github.com:faisalmalik47/portfolio
 * branch            main       -> FETCH_HEAD
Updating 8998a31..f665d89
Fast-forward
 deployer_cron.sh | 8 --------
 1 file changed, 8 deletions(-)
Starting deployment script...
Running as user: root
Node version: v10.19.0
Yarn version: 1.22.19
Pulling latest changes from Git...
From github.com:faisalmalik47/portfolio
 * branch            main       -> FETCH_HEAD
Already up to date.
Installing dependencies...
yarn install v1.22.19
warning package-lock.json found. Your project contains lock files generated by tools other than Yarn. It is advised not to mix package managers in order to avoid resolution inconsistencies caused by unsynchronized lock files. To clear this warning, remove package-lock.json.
[1/4] Resolving packages...
[2/4] Fetching packages...
error react-scripts@5.0.1: The engine "node" is incompatible with this module. Expected version ">=14.0.0". Got "10.19.0"
error Found incompatible module.
info Visit https://yarnpkg.com/en/docs/cli/install for documentation about this command.
Building the project...
yarn run v1.22.19
$ node fetch.js && react-scripts build
/var/www/portfolio/node_modules/eslint-webpack-plugin/node_modules/jest-worker/build/index.js:110
  _ending;
         ^

SyntaxError: Unexpected token ;
    at Module._compile (internal/modules/cjs/loader.js:723:23)
    at Object.Module._extensions..js (internal/modules/cjs/loader.js:789:10)
    at Module.load (internal/modules/cjs/loader.js:653:32)
    at tryModuleLoad (internal/modules/cjs/loader.js:593:12)
    at Function.Module._load (internal/modules/cjs/loader.js:585:3)
    at Module.require (internal/modules/cjs/loader.js:692:17)
    at require (internal/modules/cjs/helpers.js:25:18)
    at Object.<anonymous> (/var/www/portfolio/node_modules/eslint-webpack-plugin/dist/getESLint.js:9:5)
    at Module._compile (internal/modules/cjs/loader.js:778:30)
    at Object.Module._extensions..js (internal/modules/cjs/loader.js:789:10)
error Command failed with exit code 1.
info Visit https://yarnpkg.com/en/docs/cli/run for documentation about this command.
Build failed. Exiting...



################################################################################################
################################################################################################
################################################################################################


Finished at Mon Nov 13 20:50:15 IST 2023
Started at Mon Nov 13 21:00:01 IST 2023
################################################################################################



################################################################################################

Finished at Mon Nov 13 21:00:04 IST 2023
Started at Mon Nov 13 21:10:01 IST 2023
################################################################################################



################################################################################################

Finished at Mon Nov 13 21:10:03 IST 2023
Started at Mon Nov 13 21:20:01 IST 2023
################################################################################################


From github.com:faisalmalik47/portfolio
   f665d89..22ceb1f  main       -> origin/main
From github.com:faisalmalik47/portfolio
 * branch            main       -> FETCH_HEAD
Updating f665d89..22ceb1f
Fast-forward
 src/portfolio.js | 2 +-
 1 file changed, 1 insertion(+), 1 deletion(-)
Starting deployment script...
Running as user: root
/var/www/portfolio/deploy.sh: line 30: node: command not found
Node version: 
Yarn requires Node.js 4.0 or higher to be installed.
Yarn version: 
Pulling latest changes from Git...
From github.com:faisalmalik47/portfolio
 * branch            main       -> FETCH_HEAD
Already up to date.
Installing dependencies...
Yarn requires Node.js 4.0 or higher to be installed.
Building the project...
Yarn requires Node.js 4.0 or higher to be installed.
Build failed. Exiting...

################################################################################################

Finished at Mon Nov 13 21:20:08 IST 2023
Started at Mon Nov 13 21:30:01 IST 2023
################################################################################################



################################################################################################

Finished at Mon Nov 13 21:30:04 IST 2023
Started at Mon Nov 13 21:40:01 IST 2023
################################################################################################



################################################################################################

Finished at Mon Nov 13 21:40:03 IST 2023
Started at Mon Nov 13 21:50:01 IST 2023
################################################################################################



################################################################################################

Finished at Mon Nov 13 21:50:04 IST 2023
Started at Mon Nov 13 22:00:01 IST 2023
################################################################################################



################################################################################################

Finished at Mon Nov 13 22:00:03 IST 2023
Started at Mon Nov 13 22:10:01 IST 2023
################################################################################################



################################################################################################

Finished at Mon Nov 13 22:10:03 IST 2023
Started at Mon Nov 13 22:20:01 IST 2023
################################################################################################



################################################################################################

Finished at Mon Nov 13 22:20:03 IST 2023
Started at Mon Nov 13 22:30:01 IST 2023
################################################################################################



################################################################################################

Finished at Mon Nov 13 22:30:04 IST 2023
Started at Mon Nov 13 22:40:01 IST 2023
################################################################################################


From github.com:faisalmalik47/portfolio
   22ceb1f..37875c1  main       -> origin/main
From github.com:faisalmalik47/portfolio
 * branch            main       -> FETCH_HEAD
Updating 22ceb1f..37875c1
Fast-forward
 src/portfolio.js | 4 ++--
 1 file changed, 2 insertions(+), 2 deletions(-)
Starting deployment script...
Running as user: root
/var/www/portfolio/deploy.sh: line 30: node: command not found
Node version: 
Yarn requires Node.js 4.0 or higher to be installed.
Yarn version: 
Pulling latest changes from Git...
From github.com:faisalmalik47/portfolio
 * branch            main       -> FETCH_HEAD
Already up to date.
Installing dependencies...
Yarn requires Node.js 4.0 or higher to be installed.
Building the project...
Yarn requires Node.js 4.0 or higher to be installed.
Build failed. Exiting...

################################################################################################

Finished at Mon Nov 13 22:40:07 IST 2023
Started at Mon Nov 13 22:43:55 IST 2023
################################################################################################


From github.com:faisalmalik47/portfolio
   37875c1..1561567  main       -> origin/main
From github.com:faisalmalik47/portfolio
 * branch            main       -> FETCH_HEAD
Updating 37875c1..1561567
Fast-forward
 deployer_cron.sh | 2 +-
 1 file changed, 1 insertion(+), 1 deletion(-)
Starting deployment script...
Running as user: root
Node version: v16.13.0
Yarn version: 1.22.19
Pulling latest changes from Git...
From github.com:faisalmalik47/portfolio
 * branch            main       -> FETCH_HEAD
Already up to date.
Installing dependencies...
yarn install v1.22.19
warning package-lock.json found. Your project contains lock files generated by tools other than Yarn. It is advised not to mix package managers in order to avoid resolution inconsistencies caused by unsynchronized lock files. To clear this warning, remove package-lock.json.
[1/4] Resolving packages...
success Already up-to-date.
Done in 1.18s.
Building the project...
yarn run v1.22.19
$ node fetch.js && react-scripts build
Creating an optimized production build...
Started at Mon Nov 13 23:00:01 IST 2023
################################################################################################



################################################################################################

Finished at Mon Nov 13 23:00:04 IST 2023
Started at Mon Nov 13 23:10:01 IST 2023
################################################################################################


From github.com:faisalmalik47/portfolio
   1561567..1bbd0a4  main       -> origin/main
From github.com:faisalmalik47/portfolio
 * branch            main       -> FETCH_HEAD
Updating 1561567..1bbd0a4
Fast-forward
 src/portfolio.js | 2 +-
 1 file changed, 1 insertion(+), 1 deletion(-)
Deployment is currently running by another process.

################################################################################################

Finished at Mon Nov 13 23:10:06 IST 2023
Started at Mon Nov 13 23:20:01 IST 2023
################################################################################################



################################################################################################

Finished at Mon Nov 13 23:20:03 IST 2023
Started at Mon Nov 13 23:30:01 IST 2023
################################################################################################


From github.com:faisalmalik47/portfolio
   1bbd0a4..67ae7ac  main       -> origin/main
From github.com:faisalmalik47/portfolio
 * branch            main       -> FETCH_HEAD
Updating 1bbd0a4..67ae7ac
Fast-forward
 src/portfolio.js | 2 +-
 1 file changed, 1 insertion(+), 1 deletion(-)
Starting deployment script...
Running as user: root
/var/www/portfolio/deploy.sh: line 30: node: command not found
Node version: 
Yarn requires Node.js 4.0 or higher to be installed.
Yarn version: 
Pulling latest changes from Git...
From github.com:faisalmalik47/portfolio
 * branch            main       -> FETCH_HEAD
Already up to date.
Installing dependencies...
Yarn requires Node.js 4.0 or higher to be installed.
Building the project...
Yarn requires Node.js 4.0 or higher to be installed.
Build failed. Exiting...

################################################################################################

Finished at Mon Nov 13 23:30:08 IST 2023
Started at Mon Nov 13 23:35:01 IST 2023
################################################################################################


From github.com:faisalmalik47/portfolio
   67ae7ac..fb52c28  main       -> origin/main
From github.com:faisalmalik47/portfolio
 * branch            main       -> FETCH_HEAD
Updating 67ae7ac..fb52c28
Fast-forward
 src/portfolio.js | 2 +-
 1 file changed, 1 insertion(+), 1 deletion(-)
Starting deployment script...
Running as user: root
Now using node v16.13.0 (npm v8.1.0)
Node version: v16.13.0
Yarn version: 1.22.19
Pulling latest changes from Git...
From github.com:faisalmalik47/portfolio
 * branch            main       -> FETCH_HEAD
Already up to date.
Installing dependencies...
yarn install v1.22.19
warning package-lock.json found. Your project contains lock files generated by tools other than Yarn. It is advised not to mix package managers in order to avoid resolution inconsistencies caused by unsynchronized lock files. To clear this warning, remove package-lock.json.
[1/4] Resolving packages...
success Already up-to-date.
Done in 1.19s.
Building the project...
yarn run v1.22.19
$ node fetch.js && react-scripts build
Creating an optimized production build...
Compiled successfully.

File sizes after gzip:

  269.52 kB  build/static/js/main.4cd0e554.js
  5.66 kB    build/static/css/main.2840bb90.css
  1.1 kB     build/static/js/64.56dc6704.chunk.js
  861 B      build/static/js/769.bda0d7b7.chunk.js
  556 B      build/static/css/64.bba8fa55.chunk.css
  498 B      build/static/css/769.b3cbb36b.chunk.css

The project was built assuming it is hosted at /.
You can control this with the homepage field in your package.json.

The build folder is ready to be deployed.
You may serve it with a static server:

  yarn global add serve
  serve -s build

Find out more about deployment here:

  https://cra.link/deployment

Done in 38.49s.
Build succeeded.
Cleaning the deployment directory...
Copying build artifacts to the deployment directory...
Deployment script finished.

################################################################################################

Finished at Mon Nov 13 23:35:50 IST 2023
Started at Mon Nov 13 23:36:01 IST 2023
################################################################################################



################################################################################################

Finished at Mon Nov 13 23:36:03 IST 2023
Started at Mon Nov 13 23:37:02 IST 2023
################################################################################################


From github.com:faisalmalik47/portfolio
   fb52c28..b278cbc  main       -> origin/main
From github.com:faisalmalik47/portfolio
 * branch            main       -> FETCH_HEAD
Updating fb52c28..b278cbc
Fast-forward
 src/portfolio.js | 2 +-
 1 file changed, 1 insertion(+), 1 deletion(-)
Starting deployment script...
Running as user: root
Now using node v16.13.0 (npm v8.1.0)
Node version: v16.13.0
Yarn version: 1.22.19
Pulling latest changes from Git...
From github.com:faisalmalik47/portfolio
 * branch            main       -> FETCH_HEAD
Already up to date.
Installing dependencies...
yarn install v1.22.19
warning package-lock.json found. Your project contains lock files generated by tools other than Yarn. It is advised not to mix package managers in order to avoid resolution inconsistencies caused by unsynchronized lock files. To clear this warning, remove package-lock.json.
[1/4] Resolving packages...
success Already up-to-date.
Done in 1.20s.
Building the project...
yarn run v1.22.19
$ node fetch.js && react-scripts build
Creating an optimized production build...
Compiled successfully.

File sizes after gzip:

  269.52 kB (-7 B)  build/static/js/main.de5257ac.js
  5.66 kB           build/static/css/main.2840bb90.css
  1.1 kB            build/static/js/64.56dc6704.chunk.js
  861 B             build/static/js/769.bda0d7b7.chunk.js
  556 B             build/static/css/64.bba8fa55.chunk.css
  498 B             build/static/css/769.b3cbb36b.chunk.css

The project was built assuming it is hosted at /.
You can control this with the homepage field in your package.json.

The build folder is ready to be deployed.
You may serve it with a static server:

  yarn global add serve
  serve -s build

Find out more about deployment here:

  https://cra.link/deployment

Done in 38.56s.
Build succeeded.
Cleaning the deployment directory...
Copying build artifacts to the deployment directory...
Deployment script finished.

################################################################################################

Finished at Mon Nov 13 23:37:50 IST 2023
Started at Mon Nov 13 23:38:02 IST 2023
################################################################################################



################################################################################################

Finished at Mon Nov 13 23:38:04 IST 2023
Started at Mon Nov 13 23:39:01 IST 2023
################################################################################################



################################################################################################

Finished at Mon Nov 13 23:39:03 IST 2023
Started at Tue Nov 14 00:00:01 IST 2023
################################################################################################



################################################################################################

Finished at Tue Nov 14 00:00:03 IST 2023
Started at Tue Nov 14 01:00:01 IST 2023
################################################################################################



################################################################################################

Finished at Tue Nov 14 01:00:04 IST 2023
Started at Tue Nov 14 02:00:01 IST 2023
################################################################################################



################################################################################################

Finished at Tue Nov 14 02:00:03 IST 2023
Started at Tue Nov 14 03:00:01 IST 2023
################################################################################################



################################################################################################

Finished at Tue Nov 14 03:00:03 IST 2023
Started at Tue Nov 14 04:00:01 IST 2023
################################################################################################



################################################################################################

Finished at Tue Nov 14 04:00:03 IST 2023
Started at Tue Nov 14 05:00:01 IST 2023
################################################################################################



################################################################################################

Finished at Tue Nov 14 05:00:03 IST 2023
Started at Tue Nov 14 06:00:01 IST 2023
################################################################################################



################################################################################################

Finished at Tue Nov 14 06:00:04 IST 2023
Started at Tue Nov 14 07:00:01 IST 2023
################################################################################################



################################################################################################

Finished at Tue Nov 14 07:00:03 IST 2023
Started at Tue Nov 14 08:00:01 IST 2023
################################################################################################



################################################################################################

Finished at Tue Nov 14 08:00:03 IST 2023
Started at Tue Nov 14 09:00:01 IST 2023
################################################################################################



################################################################################################

Finished at Tue Nov 14 09:00:04 IST 2023
Started at Tue Nov 14 10:00:01 IST 2023
################################################################################################



################################################################################################

Finished at Tue Nov 14 10:00:03 IST 2023
Started at Tue Nov 14 11:00:01 IST 2023
################################################################################################



################################################################################################

Finished at Tue Nov 14 11:00:03 IST 2023
Started at Tue Nov 14 12:00:01 IST 2023
################################################################################################



################################################################################################

Finished at Tue Nov 14 12:00:03 IST 2023
Started at Tue Nov 14 13:00:01 IST 2023
################################################################################################



################################################################################################

Finished at Tue Nov 14 13:00:03 IST 2023
Started at Tue Nov 14 14:00:01 IST 2023
################################################################################################



################################################################################################

Finished at Tue Nov 14 14:00:03 IST 2023
Started at Tue Nov 14 15:00:01 IST 2023
################################################################################################



################################################################################################

Finished at Tue Nov 14 15:00:04 IST 2023
Started at Tue Nov 14 16:00:01 IST 2023
################################################################################################



################################################################################################

Finished at Tue Nov 14 16:00:03 IST 2023
Started at Tue Nov 14 17:00:01 IST 2023
################################################################################################



################################################################################################

Finished at Tue Nov 14 17:00:03 IST 2023
Started at Tue Nov 14 18:00:01 IST 2023
################################################################################################



################################################################################################

Finished at Tue Nov 14 18:00:03 IST 2023
Started at Tue Nov 14 19:00:01 IST 2023
################################################################################################



################################################################################################

Finished at Tue Nov 14 19:00:04 IST 2023
Started at Tue Nov 14 20:00:01 IST 2023
################################################################################################



################################################################################################

Finished at Tue Nov 14 20:00:03 IST 2023
Started at Tue Nov 14 21:00:01 IST 2023
################################################################################################


From github.com:faisalmalik47/portfolio
   b278cbc..f6694b6  main       -> origin/main
From github.com:faisalmalik47/portfolio
 * branch            main       -> FETCH_HEAD
Updating b278cbc..f6694b6
Fast-forward
 src/portfolio.js | 2 +-
 1 file changed, 1 insertion(+), 1 deletion(-)
Starting deployment script...
Running as user: root
Now using node v16.13.0 (npm v8.1.0)
Node version: v16.13.0
Yarn version: 1.22.19
Pulling latest changes from Git...
From github.com:faisalmalik47/portfolio
 * branch            main       -> FETCH_HEAD
Already up to date.
Installing dependencies...
yarn install v1.22.19
warning package-lock.json found. Your project contains lock files generated by tools other than Yarn. It is advised not to mix package managers in order to avoid resolution inconsistencies caused by unsynchronized lock files. To clear this warning, remove package-lock.json.
[1/4] Resolving packages...
success Already up-to-date.
Done in 1.21s.
Building the project...
yarn run v1.22.19
$ node fetch.js && react-scripts build
Creating an optimized production build...
Compiled successfully.

File sizes after gzip:

  269.52 kB (+2 B)  build/static/js/main.e92f88b1.js
  5.66 kB           build/static/css/main.2840bb90.css
  1.1 kB            build/static/js/64.56dc6704.chunk.js
  861 B             build/static/js/769.bda0d7b7.chunk.js
  556 B             build/static/css/64.bba8fa55.chunk.css
  498 B             build/static/css/769.b3cbb36b.chunk.css

The project was built assuming it is hosted at /.
You can control this with the homepage field in your package.json.

The build folder is ready to be deployed.
You may serve it with a static server:

  yarn global add serve
  serve -s build

Find out more about deployment here:

  https://cra.link/deployment

Done in 39.94s.
Build succeeded.
Cleaning the deployment directory...
Copying build artifacts to the deployment directory...
Deployment script finished.

################################################################################################

Finished at Tue Nov 14 21:00:52 IST 2023
Started at Tue Nov 14 22:00:01 IST 2023
################################################################################################



################################################################################################

Finished at Tue Nov 14 22:00:03 IST 2023
Started at Tue Nov 14 23:00:01 IST 2023
################################################################################################



################################################################################################

Finished at Tue Nov 14 23:00:04 IST 2023
Started at Wed Nov 15 00:00:01 IST 2023
################################################################################################



################################################################################################

Finished at Wed Nov 15 00:00:03 IST 2023
Started at Wed Nov 15 01:00:01 IST 2023
################################################################################################



################################################################################################

Finished at Wed Nov 15 01:00:03 IST 2023
Started at Wed Nov 15 02:00:01 IST 2023
################################################################################################



################################################################################################

Finished at Wed Nov 15 02:00:04 IST 2023
Started at Wed Nov 15 03:00:01 IST 2023
################################################################################################



################################################################################################

Finished at Wed Nov 15 03:00:03 IST 2023
Started at Wed Nov 15 04:00:01 IST 2023
################################################################################################



################################################################################################

Finished at Wed Nov 15 04:00:04 IST 2023
Started at Wed Nov 15 05:00:01 IST 2023
################################################################################################



################################################################################################

Finished at Wed Nov 15 05:00:03 IST 2023
Started at Wed Nov 15 06:00:01 IST 2023
################################################################################################



################################################################################################

Finished at Wed Nov 15 06:00:03 IST 2023
Started at Wed Nov 15 07:00:01 IST 2023
################################################################################################



################################################################################################

Finished at Wed Nov 15 07:00:03 IST 2023
Started at Wed Nov 15 08:00:01 IST 2023
################################################################################################



################################################################################################

Finished at Wed Nov 15 08:00:03 IST 2023
Started at Wed Nov 15 09:00:01 IST 2023
################################################################################################



################################################################################################

Finished at Wed Nov 15 09:00:03 IST 2023
Started at Wed Nov 15 10:00:01 IST 2023
################################################################################################



################################################################################################

Finished at Wed Nov 15 10:00:04 IST 2023
Started at Wed Nov 15 11:00:01 IST 2023
################################################################################################



################################################################################################

Finished at Wed Nov 15 11:00:03 IST 2023
Started at Wed Nov 15 12:00:01 IST 2023
################################################################################################



################################################################################################

Finished at Wed Nov 15 12:00:03 IST 2023
Started at Wed Nov 15 13:00:01 IST 2023
################################################################################################


From github.com:faisalmalik47/portfolio
   f6694b6..acc09ec  main       -> origin/main
From github.com:faisalmalik47/portfolio
 * branch            main       -> FETCH_HEAD
Updating f6694b6..acc09ec
Fast-forward
 src/portfolio.js | 2 +-
 1 file changed, 1 insertion(+), 1 deletion(-)
Starting deployment script...
Running as user: root
Now using node v16.13.0 (npm v8.1.0)
Node version: v16.13.0
Yarn version: 1.22.19
Pulling latest changes from Git...
From github.com:faisalmalik47/portfolio
 * branch            main       -> FETCH_HEAD
Already up to date.
Installing dependencies...
yarn install v1.22.19
warning package-lock.json found. Your project contains lock files generated by tools other than Yarn. It is advised not to mix package managers in order to avoid resolution inconsistencies caused by unsynchronized lock files. To clear this warning, remove package-lock.json.
[1/4] Resolving packages...
success Already up-to-date.
Done in 1.20s.
Building the project...
yarn run v1.22.19
$ node fetch.js && react-scripts build
Creating an optimized production build...
Compiled successfully.

File sizes after gzip:

  269.54 kB (+18 B)  build/static/js/main.1b0bc851.js
  5.66 kB            build/static/css/main.2840bb90.css
  1.1 kB             build/static/js/64.56dc6704.chunk.js
  861 B              build/static/js/769.bda0d7b7.chunk.js
  556 B              build/static/css/64.bba8fa55.chunk.css
  498 B              build/static/css/769.b3cbb36b.chunk.css

The project was built assuming it is hosted at /.
You can control this with the homepage field in your package.json.

The build folder is ready to be deployed.
You may serve it with a static server:

  yarn global add serve
  serve -s build

Find out more about deployment here:

  https://cra.link/deployment

Done in 38.67s.
Build succeeded.
Cleaning the deployment directory...
Copying build artifacts to the deployment directory...
Deployment script finished.

################################################################################################

Finished at Wed Nov 15 13:00:50 IST 2023
Started at Wed Nov 15 14:00:01 IST 2023
################################################################################################


From github.com:faisalmalik47/portfolio
   acc09ec..3fd7384  main       -> origin/main
From github.com:faisalmalik47/portfolio
 * branch            main       -> FETCH_HEAD
Auto-merging .gitignore
Merge made by the 'recursive' strategy.
 .gitignore       | 2 +-
 src/portfolio.js | 2 +-
 2 files changed, 2 insertions(+), 2 deletions(-)
Starting deployment script...
Running as user: root
Now using node v16.13.0 (npm v8.1.0)
Node version: v16.13.0
Yarn version: 1.22.19
Pulling latest changes from Git...
From github.com:faisalmalik47/portfolio
 * branch            main       -> FETCH_HEAD
Already up to date.
Installing dependencies...
yarn install v1.22.19
warning package-lock.json found. Your project contains lock files generated by tools other than Yarn. It is advised not to mix package managers in order to avoid resolution inconsistencies caused by unsynchronized lock files. To clear this warning, remove package-lock.json.
[1/4] Resolving packages...
success Already up-to-date.
Done in 1.20s.
Building the project...
yarn run v1.22.19
$ node fetch.js && react-scripts build
Creating an optimized production build...
Compiled successfully.

File sizes after gzip:

  269.52 kB (-18 B)  build/static/js/main.e92f88b1.js
  5.66 kB            build/static/css/main.2840bb90.css
  1.1 kB             build/static/js/64.56dc6704.chunk.js
  861 B              build/static/js/769.bda0d7b7.chunk.js
  556 B              build/static/css/64.bba8fa55.chunk.css
  498 B              build/static/css/769.b3cbb36b.chunk.css

The project was built assuming it is hosted at /.
You can control this with the homepage field in your package.json.

The build folder is ready to be deployed.
You may serve it with a static server:

  yarn global add serve
  serve -s build

Find out more about deployment here:

  https://cra.link/deployment

Done in 40.73s.
Build succeeded.
Cleaning the deployment directory...
Copying build artifacts to the deployment directory...
Deployment script finished.

################################################################################################

Finished at Wed Nov 15 14:00:53 IST 2023
